2025-09-08T07:13:38.889+05:30  INFO 15280 --- [SimplyFly] [main] c.h.simplyfly.SimplyFlyApplication       : Starting SimplyFlyApplication using Java 21.0.6 with PID 15280 (D:\FSD_HEXA_WEB\SimplyFly\target\classes started by Icon in D:\FSD_HEXA_WEB\SimplyFly)
2025-09-08T07:13:38.896+05:30  INFO 15280 --- [SimplyFly] [main] c.h.simplyfly.SimplyFlyApplication       : No active profile set, falling back to 1 default profile: "default"
2025-09-08T07:13:41.668+05:30  INFO 15280 --- [SimplyFly] [main] .s.d.r.c.RepositoryConfigurationDelegate : Bootstrapping Spring Data JPA repositories in DEFAULT mode.
2025-09-08T07:13:41.841+05:30  INFO 15280 --- [SimplyFly] [main] .s.d.r.c.RepositoryConfigurationDelegate : Finished Spring Data repository scanning in 158 ms. Found 8 JPA repository interfaces.
2025-09-08T07:13:42.640+05:30  INFO 15280 --- [SimplyFly] [main] o.s.b.w.embedded.tomcat.TomcatWebServer  : Tomcat initialized with port 8080 (http)
2025-09-08T07:13:42.660+05:30  INFO 15280 --- [SimplyFly] [main] o.apache.catalina.core.StandardService   : Starting service [Tomcat]
2025-09-08T07:13:42.660+05:30  INFO 15280 --- [SimplyFly] [main] o.apache.catalina.core.StandardEngine    : Starting Servlet engine: [Apache Tomcat/10.1.43]
2025-09-08T07:13:42.781+05:30  INFO 15280 --- [SimplyFly] [main] o.a.c.c.C.[Tomcat].[localhost].[/]       : Initializing Spring embedded WebApplicationContext
2025-09-08T07:13:42.782+05:30  INFO 15280 --- [SimplyFly] [main] w.s.c.ServletWebServerApplicationContext : Root WebApplicationContext: initialization completed in 3822 ms
2025-09-08T07:13:43.056+05:30  INFO 15280 --- [SimplyFly] [main] o.hibernate.jpa.internal.util.LogHelper  : HHH000204: Processing PersistenceUnitInfo [name: default]
2025-09-08T07:13:43.157+05:30  INFO 15280 --- [SimplyFly] [main] org.hibernate.Version                    : HHH000412: Hibernate ORM core version 6.6.22.Final
2025-09-08T07:13:43.222+05:30  INFO 15280 --- [SimplyFly] [main] o.h.c.internal.RegionFactoryInitiator    : HHH000026: Second-level cache disabled
2025-09-08T07:13:43.635+05:30  INFO 15280 --- [SimplyFly] [main] o.s.o.j.p.SpringPersistenceUnitInfo      : No LoadTimeWeaver setup: ignoring JPA class transformer
2025-09-08T07:13:43.687+05:30  INFO 15280 --- [SimplyFly] [main] com.zaxxer.hikari.HikariDataSource       : HikariPool-1 - Starting...
2025-09-08T07:13:44.095+05:30  INFO 15280 --- [SimplyFly] [main] com.zaxxer.hikari.pool.HikariPool        : HikariPool-1 - Added connection com.mysql.cj.jdbc.ConnectionImpl@6d2db15b
2025-09-08T07:13:44.098+05:30  INFO 15280 --- [SimplyFly] [main] com.zaxxer.hikari.HikariDataSource       : HikariPool-1 - Start completed.
2025-09-08T07:13:44.136+05:30  WARN 15280 --- [SimplyFly] [main] org.hibernate.orm.deprecation            : HHH90000025: MySQL8Dialect does not need to be specified explicitly using 'hibernate.dialect' (remove the property setting and it will be selected by default)
2025-09-08T07:13:44.138+05:30  WARN 15280 --- [SimplyFly] [main] org.hibernate.orm.deprecation            : HHH90000026: MySQL8Dialect has been deprecated; use org.hibernate.dialect.MySQLDialect instead
2025-09-08T07:13:44.165+05:30  INFO 15280 --- [SimplyFly] [main] org.hibernate.orm.connections.pooling    : HHH10001005: Database info:
	Database JDBC URL [Connecting through datasource 'HikariDataSource (HikariPool-1)']
	Database driver: undefined/unknown
	Database version: 8.0
	Autocommit mode: undefined/unknown
	Isolation level: undefined/unknown
	Minimum pool size: undefined/unknown
	Maximum pool size: undefined/unknown
2025-09-08T07:13:45.698+05:30  INFO 15280 --- [SimplyFly] [main] o.h.e.t.j.p.i.JtaPlatformInitiator       : HHH000489: No JTA platform available (set 'hibernate.transaction.jta.platform' to enable JTA platform integration)
2025-09-08T07:13:46.107+05:30  INFO 15280 --- [SimplyFly] [main] j.LocalContainerEntityManagerFactoryBean : Initialized JPA EntityManagerFactory for persistence unit 'default'
2025-09-08T07:13:47.072+05:30  INFO 15280 --- [SimplyFly] [main] eAuthenticationProviderManagerConfigurer : Global AuthenticationManager configured with AuthenticationProvider bean with name authenticationProvider
2025-09-08T07:13:47.073+05:30  WARN 15280 --- [SimplyFly] [main] r$InitializeUserDetailsManagerConfigurer : Global AuthenticationManager configured with an AuthenticationProvider bean. UserDetailsService beans will not be used by Spring Security for automatically configuring username/password login. Consider removing the AuthenticationProvider bean. Alternatively, consider using the UserDetailsService in a manually instantiated DaoAuthenticationProvider. If the current configuration is intentional, to turn off this warning, increase the logging level of 'org.springframework.security.config.annotation.authentication.configuration.InitializeUserDetailsBeanManagerConfigurer' to ERROR
2025-09-08T07:13:47.258+05:30  WARN 15280 --- [SimplyFly] [main] JpaBaseConfiguration$JpaWebConfiguration : spring.jpa.open-in-view is enabled by default. Therefore, database queries may be performed during view rendering. Explicitly configure spring.jpa.open-in-view to disable this warning
2025-09-08T07:13:47.487+05:30 DEBUG 15280 --- [SimplyFly] [main] s.w.s.m.m.a.RequestMappingHandlerMapping : 51 mappings in 'requestMappingHandlerMapping'
2025-09-08T07:13:47.650+05:30 DEBUG 15280 --- [SimplyFly] [main] o.s.w.s.handler.SimpleUrlHandlerMapping  : Patterns [/webjars/**, /**, /swagger-ui*/*swagger-initializer.js, /swagger-ui*/**] in 'resourceHandlerMapping'
2025-09-08T07:13:48.011+05:30 DEBUG 15280 --- [SimplyFly] [main] s.w.s.m.m.a.RequestMappingHandlerAdapter : ControllerAdvice beans: 0 @ModelAttribute, 0 @InitBinder, 1 RequestBodyAdvice, 1 ResponseBodyAdvice
2025-09-08T07:13:48.096+05:30 DEBUG 15280 --- [SimplyFly] [main] .m.m.a.ExceptionHandlerExceptionResolver : ControllerAdvice beans: 2 @ExceptionHandler, 1 ResponseBodyAdvice
2025-09-08T07:13:48.401+05:30  INFO 15280 --- [SimplyFly] [main] o.s.b.w.embedded.tomcat.TomcatWebServer  : Tomcat started on port 8080 (http) with context path '/'
2025-09-08T07:13:48.413+05:30  INFO 15280 --- [SimplyFly] [main] c.h.simplyfly.SimplyFlyApplication       : Started SimplyFlyApplication in 10.347 seconds (process running for 11.626)
2025-09-08T07:14:32.159+05:30  INFO 15280 --- [SimplyFly] [http-nio-8080-exec-1] o.a.c.c.C.[Tomcat].[localhost].[/]       : Initializing Spring DispatcherServlet 'dispatcherServlet'
2025-09-08T07:14:32.159+05:30  INFO 15280 --- [SimplyFly] [http-nio-8080-exec-1] o.s.web.servlet.DispatcherServlet        : Initializing Servlet 'dispatcherServlet'
2025-09-08T07:14:32.159+05:30 DEBUG 15280 --- [SimplyFly] [http-nio-8080-exec-1] o.s.web.servlet.DispatcherServlet        : Detected StandardServletMultipartResolver
2025-09-08T07:14:32.159+05:30 DEBUG 15280 --- [SimplyFly] [http-nio-8080-exec-1] o.s.web.servlet.DispatcherServlet        : Detected AcceptHeaderLocaleResolver
2025-09-08T07:14:32.159+05:30 DEBUG 15280 --- [SimplyFly] [http-nio-8080-exec-1] o.s.web.servlet.DispatcherServlet        : Detected FixedThemeResolver
2025-09-08T07:14:32.161+05:30 DEBUG 15280 --- [SimplyFly] [http-nio-8080-exec-1] o.s.web.servlet.DispatcherServlet        : Detected org.springframework.web.servlet.view.DefaultRequestToViewNameTranslator@437ac2dc
2025-09-08T07:14:32.161+05:30 DEBUG 15280 --- [SimplyFly] [http-nio-8080-exec-1] o.s.web.servlet.DispatcherServlet        : Detected org.springframework.web.servlet.support.SessionFlashMapManager@3fe70a2d
2025-09-08T07:14:32.162+05:30 DEBUG 15280 --- [SimplyFly] [http-nio-8080-exec-1] o.s.web.servlet.DispatcherServlet        : enableLoggingRequestDetails='false': request parameters and headers will be masked to prevent unsafe logging of potentially sensitive data
2025-09-08T07:14:32.162+05:30  INFO 15280 --- [SimplyFly] [http-nio-8080-exec-1] o.s.web.servlet.DispatcherServlet        : Completed initialization in 3 ms
2025-09-08T07:14:32.244+05:30 DEBUG 15280 --- [SimplyFly] [http-nio-8080-exec-4] o.s.web.servlet.DispatcherServlet        : POST "/api/auth/login", parameters={}
2025-09-08T07:14:32.246+05:30 DEBUG 15280 --- [SimplyFly] [http-nio-8080-exec-4] s.w.s.m.m.a.RequestMappingHandlerMapping : Mapped to com.hexaware.simplyfly.controller.UserRestController#login(AuthRequest)
2025-09-08T07:14:32.353+05:30 DEBUG 15280 --- [SimplyFly] [http-nio-8080-exec-4] m.m.a.RequestResponseBodyMethodProcessor : Read "application/json;charset=UTF-8" to [AuthRequest(email=owner@hexa.com, password=owner@123)]
2025-09-08T07:14:32.842+05:30 DEBUG 15280 --- [SimplyFly] [http-nio-8080-exec-4] o.s.w.s.m.m.a.HttpEntityMethodProcessor  : Using 'application/json', given [application/json, text/plain, */*] and supported [text/plain, */*, application/json, application/*+json, application/yaml]
2025-09-08T07:14:32.843+05:30 DEBUG 15280 --- [SimplyFly] [http-nio-8080-exec-4] o.s.w.s.m.m.a.HttpEntityMethodProcessor  : Writing ["eyJhbGciOiJIUzI1NiJ9.eyJyb2xlIjoiT1dORVIiLCJzdWIiOiJvd25lckBoZXhhLmNvbSIsImlhdCI6MTc1NzI5NTg3MiwiZXh (truncated)..."]
2025-09-08T07:14:32.850+05:30 DEBUG 15280 --- [SimplyFly] [http-nio-8080-exec-4] o.s.web.servlet.DispatcherServlet        : Completed 200 OK
2025-09-08T07:16:06.143+05:30 DEBUG 15280 --- [SimplyFly] [http-nio-8080-exec-6] o.s.web.servlet.DispatcherServlet        : GET "/api/users/getUserByEmail/owner@hexa.com", parameters={}
2025-09-08T07:16:06.144+05:30 DEBUG 15280 --- [SimplyFly] [http-nio-8080-exec-6] s.w.s.m.m.a.RequestMappingHandlerMapping : Mapped to com.hexaware.simplyfly.controller.UserController#getUserByEmail(String)
2025-09-08T07:16:06.156+05:30 DEBUG 15280 --- [SimplyFly] [http-nio-8080-exec-6] m.m.a.RequestResponseBodyMethodProcessor : Using 'application/json', given [application/json, text/plain, */*] and supported [application/json, application/*+json, application/yaml]
2025-09-08T07:16:06.245+05:30 DEBUG 15280 --- [SimplyFly] [http-nio-8080-exec-6] m.m.a.RequestResponseBodyMethodProcessor : Writing [java.lang.StackOverflowError]
2025-09-08T07:16:06.269+05:30 DEBUG 15280 --- [SimplyFly] [http-nio-8080-exec-6] o.s.web.servlet.DispatcherServlet        : Completed 200 OK
2025-09-08T07:16:06.293+05:30 DEBUG 15280 --- [SimplyFly] [http-nio-8080-exec-7] o.s.web.servlet.DispatcherServlet        : GET "/api/users/getUserByEmail/owner@hexa.com", parameters={}
2025-09-08T07:16:06.294+05:30 DEBUG 15280 --- [SimplyFly] [http-nio-8080-exec-7] s.w.s.m.m.a.RequestMappingHandlerMapping : Mapped to com.hexaware.simplyfly.controller.UserController#getUserByEmail(String)
2025-09-08T07:16:06.301+05:30 DEBUG 15280 --- [SimplyFly] [http-nio-8080-exec-7] m.m.a.RequestResponseBodyMethodProcessor : Using 'application/json', given [application/json, text/plain, */*] and supported [application/json, application/*+json, application/yaml]
2025-09-08T07:16:06.302+05:30 DEBUG 15280 --- [SimplyFly] [http-nio-8080-exec-9] o.s.web.servlet.DispatcherServlet        : GET "/api/flights/getByOwner/8", parameters={}
2025-09-08T07:16:06.303+05:30 DEBUG 15280 --- [SimplyFly] [http-nio-8080-exec-9] s.w.s.m.m.a.RequestMappingHandlerMapping : Mapped to com.hexaware.simplyfly.controller.FlightController#getFlightsByOwner(int)
2025-09-08T07:16:06.342+05:30 DEBUG 15280 --- [SimplyFly] [http-nio-8080-exec-7] m.m.a.RequestResponseBodyMethodProcessor : Writing [java.lang.StackOverflowError]
2025-09-08T07:16:06.344+05:30 DEBUG 15280 --- [SimplyFly] [http-nio-8080-exec-7] o.s.web.servlet.DispatcherServlet        : Completed 200 OK
2025-09-08T07:16:06.350+05:30 DEBUG 15280 --- [SimplyFly] [http-nio-8080-exec-9] m.m.a.RequestResponseBodyMethodProcessor : Using 'application/json', given [application/json, text/plain, */*] and supported [application/json, application/*+json, application/yaml]
2025-09-08T07:16:06.361+05:30 DEBUG 15280 --- [SimplyFly] [http-nio-8080-exec-9] m.m.a.RequestResponseBodyMethodProcessor : Writing [java.lang.StackOverflowError]
2025-09-08T07:16:06.369+05:30 DEBUG 15280 --- [SimplyFly] [http-nio-8080-exec-9] o.s.web.servlet.DispatcherServlet        : Completed 200 OK
2025-09-08T07:16:06.390+05:30 DEBUG 15280 --- [SimplyFly] [http-nio-8080-exec-10] o.s.web.servlet.DispatcherServlet        : GET "/api/flights/getByOwner/8", parameters={}
2025-09-08T07:16:06.391+05:30 DEBUG 15280 --- [SimplyFly] [http-nio-8080-exec-10] s.w.s.m.m.a.RequestMappingHandlerMapping : Mapped to com.hexaware.simplyfly.controller.FlightController#getFlightsByOwner(int)
2025-09-08T07:16:06.409+05:30 DEBUG 15280 --- [SimplyFly] [http-nio-8080-exec-10] m.m.a.RequestResponseBodyMethodProcessor : Using 'application/json', given [application/json, text/plain, */*] and supported [application/json, application/*+json, application/yaml]
2025-09-08T07:16:06.423+05:30 DEBUG 15280 --- [SimplyFly] [http-nio-8080-exec-10] m.m.a.RequestResponseBodyMethodProcessor : Writing [java.lang.StackOverflowError]
2025-09-08T07:16:06.426+05:30 DEBUG 15280 --- [SimplyFly] [http-nio-8080-exec-10] o.s.web.servlet.DispatcherServlet        : Completed 200 OK
2025-09-08T07:20:22.660+05:30 DEBUG 15280 --- [SimplyFly] [http-nio-8080-exec-3] o.s.web.servlet.DispatcherServlet        : GET "/api/users/getUserByEmail/owner@hexa.com", parameters={}
2025-09-08T07:20:22.661+05:30 DEBUG 15280 --- [SimplyFly] [http-nio-8080-exec-3] s.w.s.m.m.a.RequestMappingHandlerMapping : Mapped to com.hexaware.simplyfly.controller.UserController#getUserByEmail(String)
2025-09-08T07:20:22.669+05:30 DEBUG 15280 --- [SimplyFly] [http-nio-8080-exec-3] m.m.a.RequestResponseBodyMethodProcessor : Using 'application/json', given [application/json, text/plain, */*] and supported [application/json, application/*+json, application/yaml]
2025-09-08T07:20:22.707+05:30 DEBUG 15280 --- [SimplyFly] [http-nio-8080-exec-3] m.m.a.RequestResponseBodyMethodProcessor : Writing [java.lang.StackOverflowError]
2025-09-08T07:20:22.709+05:30 DEBUG 15280 --- [SimplyFly] [http-nio-8080-exec-3] o.s.web.servlet.DispatcherServlet        : Completed 200 OK
2025-09-08T07:20:22.726+05:30 DEBUG 15280 --- [SimplyFly] [http-nio-8080-exec-2] o.s.web.servlet.DispatcherServlet        : GET "/api/users/getUserByEmail/owner@hexa.com", parameters={}
2025-09-08T07:20:22.727+05:30 DEBUG 15280 --- [SimplyFly] [http-nio-8080-exec-2] s.w.s.m.m.a.RequestMappingHandlerMapping : Mapped to com.hexaware.simplyfly.controller.UserController#getUserByEmail(String)
2025-09-08T07:20:22.727+05:30 DEBUG 15280 --- [SimplyFly] [http-nio-8080-exec-5] o.s.web.servlet.DispatcherServlet        : GET "/api/flights/getByOwner/8", parameters={}
2025-09-08T07:20:22.728+05:30 DEBUG 15280 --- [SimplyFly] [http-nio-8080-exec-5] s.w.s.m.m.a.RequestMappingHandlerMapping : Mapped to com.hexaware.simplyfly.controller.FlightController#getFlightsByOwner(int)
2025-09-08T07:20:22.732+05:30 DEBUG 15280 --- [SimplyFly] [http-nio-8080-exec-2] m.m.a.RequestResponseBodyMethodProcessor : Using 'application/json', given [application/json, text/plain, */*] and supported [application/json, application/*+json, application/yaml]
2025-09-08T07:20:22.743+05:30 DEBUG 15280 --- [SimplyFly] [http-nio-8080-exec-5] m.m.a.RequestResponseBodyMethodProcessor : Using 'application/json', given [application/json, text/plain, */*] and supported [application/json, application/*+json, application/yaml]
2025-09-08T07:20:22.755+05:30 DEBUG 15280 --- [SimplyFly] [http-nio-8080-exec-5] m.m.a.RequestResponseBodyMethodProcessor : Writing [java.lang.StackOverflowError]
2025-09-08T07:20:22.757+05:30 DEBUG 15280 --- [SimplyFly] [http-nio-8080-exec-5] o.s.web.servlet.DispatcherServlet        : Completed 200 OK
2025-09-08T07:20:22.774+05:30 DEBUG 15280 --- [SimplyFly] [http-nio-8080-exec-2] m.m.a.RequestResponseBodyMethodProcessor : Writing [java.lang.StackOverflowError]
2025-09-08T07:20:22.776+05:30 DEBUG 15280 --- [SimplyFly] [http-nio-8080-exec-2] o.s.web.servlet.DispatcherServlet        : Completed 200 OK
2025-09-08T07:20:22.797+05:30 DEBUG 15280 --- [SimplyFly] [http-nio-8080-exec-6] o.s.web.servlet.DispatcherServlet        : GET "/api/flights/getByOwner/8", parameters={}
2025-09-08T07:20:22.798+05:30 DEBUG 15280 --- [SimplyFly] [http-nio-8080-exec-6] s.w.s.m.m.a.RequestMappingHandlerMapping : Mapped to com.hexaware.simplyfly.controller.FlightController#getFlightsByOwner(int)
2025-09-08T07:20:22.811+05:30 DEBUG 15280 --- [SimplyFly] [http-nio-8080-exec-6] m.m.a.RequestResponseBodyMethodProcessor : Using 'application/json', given [application/json, text/plain, */*] and supported [application/json, application/*+json, application/yaml]
2025-09-08T07:20:22.826+05:30 DEBUG 15280 --- [SimplyFly] [http-nio-8080-exec-6] m.m.a.RequestResponseBodyMethodProcessor : Writing [java.lang.StackOverflowError]
2025-09-08T07:20:22.830+05:30 DEBUG 15280 --- [SimplyFly] [http-nio-8080-exec-6] o.s.web.servlet.DispatcherServlet        : Completed 200 OK
2025-09-08T07:29:40.336+05:30 DEBUG 15280 --- [SimplyFly] [http-nio-8080-exec-9] o.s.web.servlet.DispatcherServlet        : GET "/api/users/getUserByEmail/owner@hexa.com", parameters={}
2025-09-08T07:29:40.337+05:30 DEBUG 15280 --- [SimplyFly] [http-nio-8080-exec-9] s.w.s.m.m.a.RequestMappingHandlerMapping : Mapped to com.hexaware.simplyfly.controller.UserController#getUserByEmail(String)
2025-09-08T07:29:40.344+05:30 DEBUG 15280 --- [SimplyFly] [http-nio-8080-exec-9] m.m.a.RequestResponseBodyMethodProcessor : Using 'application/json', given [application/json, text/plain, */*] and supported [application/json, application/*+json, application/yaml]
2025-09-08T07:29:40.379+05:30 DEBUG 15280 --- [SimplyFly] [http-nio-8080-exec-9] m.m.a.RequestResponseBodyMethodProcessor : Writing [java.lang.StackOverflowError]
2025-09-08T07:29:40.382+05:30 DEBUG 15280 --- [SimplyFly] [http-nio-8080-exec-9] o.s.web.servlet.DispatcherServlet        : Completed 200 OK
2025-09-08T07:29:40.399+05:30 DEBUG 15280 --- [SimplyFly] [http-nio-8080-exec-10] o.s.web.servlet.DispatcherServlet        : GET "/api/users/getUserByEmail/owner@hexa.com", parameters={}
2025-09-08T07:29:40.400+05:30 DEBUG 15280 --- [SimplyFly] [http-nio-8080-exec-10] s.w.s.m.m.a.RequestMappingHandlerMapping : Mapped to com.hexaware.simplyfly.controller.UserController#getUserByEmail(String)
2025-09-08T07:29:40.402+05:30 DEBUG 15280 --- [SimplyFly] [http-nio-8080-exec-1] o.s.web.servlet.DispatcherServlet        : GET "/api/refunds/getByOwner/8", parameters={}
2025-09-08T07:29:40.402+05:30 DEBUG 15280 --- [SimplyFly] [http-nio-8080-exec-1] s.w.s.m.m.a.RequestMappingHandlerMapping : Mapped to com.hexaware.simplyfly.controller.RefundController#getRefundsByOwner(int)
2025-09-08T07:29:40.405+05:30 DEBUG 15280 --- [SimplyFly] [http-nio-8080-exec-10] m.m.a.RequestResponseBodyMethodProcessor : Using 'application/json', given [application/json, text/plain, */*] and supported [application/json, application/*+json, application/yaml]
2025-09-08T07:29:40.424+05:30 DEBUG 15280 --- [SimplyFly] [http-nio-8080-exec-1] .m.m.a.ExceptionHandlerExceptionResolver : Using @ExceptionHandler com.hexaware.simplyfly.exception.GlobalExceptionHandler#handleRefundNotFound()
2025-09-08T07:29:40.425+05:30 ERROR 15280 --- [SimplyFly] [http-nio-8080-exec-1] c.h.s.exception.GlobalExceptionHandler   : No refund found for this booking. Maybe it hasn’t been processed yet?
2025-09-08T07:29:40.427+05:30 DEBUG 15280 --- [SimplyFly] [http-nio-8080-exec-1] .m.m.a.ExceptionHandlerExceptionResolver : Resolved [com.hexaware.simplyfly.exception.RefundNotFoundException: No refunds found for owner with ID: 8]
2025-09-08T07:29:40.428+05:30 DEBUG 15280 --- [SimplyFly] [http-nio-8080-exec-1] o.s.web.servlet.DispatcherServlet        : Completed 404 NOT_FOUND
2025-09-08T07:29:40.447+05:30 DEBUG 15280 --- [SimplyFly] [http-nio-8080-exec-10] m.m.a.RequestResponseBodyMethodProcessor : Writing [java.lang.StackOverflowError]
2025-09-08T07:29:40.449+05:30 DEBUG 15280 --- [SimplyFly] [http-nio-8080-exec-10] o.s.web.servlet.DispatcherServlet        : Completed 200 OK
2025-09-08T07:29:40.470+05:30 DEBUG 15280 --- [SimplyFly] [http-nio-8080-exec-3] o.s.web.servlet.DispatcherServlet        : GET "/api/refunds/getByOwner/8", parameters={}
2025-09-08T07:29:40.472+05:30 DEBUG 15280 --- [SimplyFly] [http-nio-8080-exec-3] s.w.s.m.m.a.RequestMappingHandlerMapping : Mapped to com.hexaware.simplyfly.controller.RefundController#getRefundsByOwner(int)
2025-09-08T07:29:40.485+05:30 DEBUG 15280 --- [SimplyFly] [http-nio-8080-exec-3] .m.m.a.ExceptionHandlerExceptionResolver : Using @ExceptionHandler com.hexaware.simplyfly.exception.GlobalExceptionHandler#handleRefundNotFound()
2025-09-08T07:29:40.485+05:30 ERROR 15280 --- [SimplyFly] [http-nio-8080-exec-3] c.h.s.exception.GlobalExceptionHandler   : No refund found for this booking. Maybe it hasn’t been processed yet?
2025-09-08T07:29:40.486+05:30 DEBUG 15280 --- [SimplyFly] [http-nio-8080-exec-3] .m.m.a.ExceptionHandlerExceptionResolver : Resolved [com.hexaware.simplyfly.exception.RefundNotFoundException: No refunds found for owner with ID: 8]
2025-09-08T07:29:40.487+05:30 DEBUG 15280 --- [SimplyFly] [http-nio-8080-exec-3] o.s.web.servlet.DispatcherServlet        : Completed 404 NOT_FOUND
2025-09-08T07:29:42.889+05:30 DEBUG 15280 --- [SimplyFly] [http-nio-8080-exec-5] o.s.web.servlet.DispatcherServlet        : GET "/api/users/getUserByEmail/owner@hexa.com", parameters={}
2025-09-08T07:29:42.889+05:30 DEBUG 15280 --- [SimplyFly] [http-nio-8080-exec-5] s.w.s.m.m.a.RequestMappingHandlerMapping : Mapped to com.hexaware.simplyfly.controller.UserController#getUserByEmail(String)
2025-09-08T07:29:42.894+05:30 DEBUG 15280 --- [SimplyFly] [http-nio-8080-exec-5] m.m.a.RequestResponseBodyMethodProcessor : Using 'application/json', given [application/json, text/plain, */*] and supported [application/json, application/*+json, application/yaml]
2025-09-08T07:29:42.929+05:30 DEBUG 15280 --- [SimplyFly] [http-nio-8080-exec-5] m.m.a.RequestResponseBodyMethodProcessor : Writing [java.lang.StackOverflowError]
2025-09-08T07:29:42.931+05:30 DEBUG 15280 --- [SimplyFly] [http-nio-8080-exec-5] o.s.web.servlet.DispatcherServlet        : Completed 200 OK
2025-09-08T07:29:42.951+05:30 DEBUG 15280 --- [SimplyFly] [http-nio-8080-exec-2] o.s.web.servlet.DispatcherServlet        : GET "/api/users/getUserByEmail/owner@hexa.com", parameters={}
2025-09-08T07:29:42.951+05:30 DEBUG 15280 --- [SimplyFly] [http-nio-8080-exec-6] o.s.web.servlet.DispatcherServlet        : GET "/api/flights/getByOwner/8", parameters={}
2025-09-08T07:29:42.952+05:30 DEBUG 15280 --- [SimplyFly] [http-nio-8080-exec-2] s.w.s.m.m.a.RequestMappingHandlerMapping : Mapped to com.hexaware.simplyfly.controller.UserController#getUserByEmail(String)
2025-09-08T07:29:42.952+05:30 DEBUG 15280 --- [SimplyFly] [http-nio-8080-exec-6] s.w.s.m.m.a.RequestMappingHandlerMapping : Mapped to com.hexaware.simplyfly.controller.FlightController#getFlightsByOwner(int)
2025-09-08T07:29:42.956+05:30 DEBUG 15280 --- [SimplyFly] [http-nio-8080-exec-2] m.m.a.RequestResponseBodyMethodProcessor : Using 'application/json', given [application/json, text/plain, */*] and supported [application/json, application/*+json, application/yaml]
2025-09-08T07:29:42.966+05:30 DEBUG 15280 --- [SimplyFly] [http-nio-8080-exec-6] m.m.a.RequestResponseBodyMethodProcessor : Using 'application/json', given [application/json, text/plain, */*] and supported [application/json, application/*+json, application/yaml]
2025-09-08T07:29:42.976+05:30 DEBUG 15280 --- [SimplyFly] [http-nio-8080-exec-6] m.m.a.RequestResponseBodyMethodProcessor : Writing [java.lang.StackOverflowError]
2025-09-08T07:29:42.977+05:30 DEBUG 15280 --- [SimplyFly] [http-nio-8080-exec-6] o.s.web.servlet.DispatcherServlet        : Completed 200 OK
2025-09-08T07:29:42.998+05:30 DEBUG 15280 --- [SimplyFly] [http-nio-8080-exec-2] m.m.a.RequestResponseBodyMethodProcessor : Writing [java.lang.StackOverflowError]
2025-09-08T07:29:42.999+05:30 DEBUG 15280 --- [SimplyFly] [http-nio-8080-exec-2] o.s.web.servlet.DispatcherServlet        : Completed 200 OK
2025-09-08T07:29:43.017+05:30 DEBUG 15280 --- [SimplyFly] [http-nio-8080-exec-7] o.s.web.servlet.DispatcherServlet        : GET "/api/flights/getByOwner/8", parameters={}
2025-09-08T07:29:43.017+05:30 DEBUG 15280 --- [SimplyFly] [http-nio-8080-exec-7] s.w.s.m.m.a.RequestMappingHandlerMapping : Mapped to com.hexaware.simplyfly.controller.FlightController#getFlightsByOwner(int)
2025-09-08T07:29:43.030+05:30 DEBUG 15280 --- [SimplyFly] [http-nio-8080-exec-7] m.m.a.RequestResponseBodyMethodProcessor : Using 'application/json', given [application/json, text/plain, */*] and supported [application/json, application/*+json, application/yaml]
2025-09-08T07:29:43.039+05:30 DEBUG 15280 --- [SimplyFly] [http-nio-8080-exec-7] m.m.a.RequestResponseBodyMethodProcessor : Writing [java.lang.StackOverflowError]
2025-09-08T07:29:43.041+05:30 DEBUG 15280 --- [SimplyFly] [http-nio-8080-exec-7] o.s.web.servlet.DispatcherServlet        : Completed 200 OK
2025-09-08T07:29:46.567+05:30 DEBUG 15280 --- [SimplyFly] [http-nio-8080-exec-8] o.s.web.servlet.DispatcherServlet        : GET "/api/routes/getAllRoutes", parameters={}
2025-09-08T07:29:46.568+05:30 DEBUG 15280 --- [SimplyFly] [http-nio-8080-exec-8] s.w.s.m.m.a.RequestMappingHandlerMapping : Mapped to com.hexaware.simplyfly.controller.RouteController#getAllRoutes()
2025-09-08T07:29:46.606+05:30 DEBUG 15280 --- [SimplyFly] [http-nio-8080-exec-8] m.m.a.RequestResponseBodyMethodProcessor : Using 'application/json', given [application/json, text/plain, */*] and supported [application/json, application/*+json, application/yaml]
2025-09-08T07:29:46.616+05:30 DEBUG 15280 --- [SimplyFly] [http-nio-8080-exec-8] m.m.a.RequestResponseBodyMethodProcessor : Writing [java.lang.StackOverflowError]
2025-09-08T07:29:46.619+05:30 DEBUG 15280 --- [SimplyFly] [http-nio-8080-exec-8] o.s.web.servlet.DispatcherServlet        : Completed 200 OK
2025-09-08T07:29:46.634+05:30 DEBUG 15280 --- [SimplyFly] [http-nio-8080-exec-1] o.s.web.servlet.DispatcherServlet        : GET "/api/routes/getAllRoutes", parameters={}
2025-09-08T07:29:46.635+05:30 DEBUG 15280 --- [SimplyFly] [http-nio-8080-exec-1] s.w.s.m.m.a.RequestMappingHandlerMapping : Mapped to com.hexaware.simplyfly.controller.RouteController#getAllRoutes()
2025-09-08T07:29:46.643+05:30 DEBUG 15280 --- [SimplyFly] [http-nio-8080-exec-1] m.m.a.RequestResponseBodyMethodProcessor : Using 'application/json', given [application/json, text/plain, */*] and supported [application/json, application/*+json, application/yaml]
2025-09-08T07:29:46.654+05:30 DEBUG 15280 --- [SimplyFly] [http-nio-8080-exec-1] m.m.a.RequestResponseBodyMethodProcessor : Writing [java.lang.StackOverflowError]
2025-09-08T07:29:46.656+05:30 DEBUG 15280 --- [SimplyFly] [http-nio-8080-exec-1] o.s.web.servlet.DispatcherServlet        : Completed 200 OK
2025-09-08T07:29:58.730+05:30 DEBUG 15280 --- [SimplyFly] [http-nio-8080-exec-10] o.s.web.servlet.DispatcherServlet        : GET "/api/users/getUserByEmail/owner@hexa.com", parameters={}
2025-09-08T07:29:58.731+05:30 DEBUG 15280 --- [SimplyFly] [http-nio-8080-exec-10] s.w.s.m.m.a.RequestMappingHandlerMapping : Mapped to com.hexaware.simplyfly.controller.UserController#getUserByEmail(String)
2025-09-08T07:29:58.737+05:30 DEBUG 15280 --- [SimplyFly] [http-nio-8080-exec-10] m.m.a.RequestResponseBodyMethodProcessor : Using 'application/json', given [application/json, text/plain, */*] and supported [application/json, application/*+json, application/yaml]
2025-09-08T07:29:58.774+05:30 DEBUG 15280 --- [SimplyFly] [http-nio-8080-exec-10] m.m.a.RequestResponseBodyMethodProcessor : Writing [java.lang.StackOverflowError]
2025-09-08T07:29:58.775+05:30 DEBUG 15280 --- [SimplyFly] [http-nio-8080-exec-10] o.s.web.servlet.DispatcherServlet        : Completed 200 OK
2025-09-08T07:29:58.793+05:30 DEBUG 15280 --- [SimplyFly] [http-nio-8080-exec-5] o.s.web.servlet.DispatcherServlet        : GET "/api/flights/getByOwner/8", parameters={}
2025-09-08T07:29:58.793+05:30 DEBUG 15280 --- [SimplyFly] [http-nio-8080-exec-3] o.s.web.servlet.DispatcherServlet        : GET "/api/users/getUserByEmail/owner@hexa.com", parameters={}
2025-09-08T07:29:58.794+05:30 DEBUG 15280 --- [SimplyFly] [http-nio-8080-exec-5] s.w.s.m.m.a.RequestMappingHandlerMapping : Mapped to com.hexaware.simplyfly.controller.FlightController#getFlightsByOwner(int)
2025-09-08T07:29:58.794+05:30 DEBUG 15280 --- [SimplyFly] [http-nio-8080-exec-3] s.w.s.m.m.a.RequestMappingHandlerMapping : Mapped to com.hexaware.simplyfly.controller.UserController#getUserByEmail(String)
2025-09-08T07:29:58.799+05:30 DEBUG 15280 --- [SimplyFly] [http-nio-8080-exec-3] m.m.a.RequestResponseBodyMethodProcessor : Using 'application/json', given [application/json, text/plain, */*] and supported [application/json, application/*+json, application/yaml]
2025-09-08T07:29:58.813+05:30 DEBUG 15280 --- [SimplyFly] [http-nio-8080-exec-5] m.m.a.RequestResponseBodyMethodProcessor : Using 'application/json', given [application/json, text/plain, */*] and supported [application/json, application/*+json, application/yaml]
2025-09-08T07:29:58.823+05:30 DEBUG 15280 --- [SimplyFly] [http-nio-8080-exec-5] m.m.a.RequestResponseBodyMethodProcessor : Writing [java.lang.StackOverflowError]
2025-09-08T07:29:58.825+05:30 DEBUG 15280 --- [SimplyFly] [http-nio-8080-exec-5] o.s.web.servlet.DispatcherServlet        : Completed 200 OK
2025-09-08T07:29:58.847+05:30 DEBUG 15280 --- [SimplyFly] [http-nio-8080-exec-3] m.m.a.RequestResponseBodyMethodProcessor : Writing [java.lang.StackOverflowError]
2025-09-08T07:29:58.848+05:30 DEBUG 15280 --- [SimplyFly] [http-nio-8080-exec-3] o.s.web.servlet.DispatcherServlet        : Completed 200 OK
2025-09-08T07:29:58.866+05:30 DEBUG 15280 --- [SimplyFly] [http-nio-8080-exec-6] o.s.web.servlet.DispatcherServlet        : GET "/api/flights/getByOwner/8", parameters={}
2025-09-08T07:29:58.866+05:30 DEBUG 15280 --- [SimplyFly] [http-nio-8080-exec-6] s.w.s.m.m.a.RequestMappingHandlerMapping : Mapped to com.hexaware.simplyfly.controller.FlightController#getFlightsByOwner(int)
2025-09-08T07:29:58.880+05:30 DEBUG 15280 --- [SimplyFly] [http-nio-8080-exec-6] m.m.a.RequestResponseBodyMethodProcessor : Using 'application/json', given [application/json, text/plain, */*] and supported [application/json, application/*+json, application/yaml]
2025-09-08T07:29:58.889+05:30 DEBUG 15280 --- [SimplyFly] [http-nio-8080-exec-6] m.m.a.RequestResponseBodyMethodProcessor : Writing [java.lang.StackOverflowError]
2025-09-08T07:29:58.890+05:30 DEBUG 15280 --- [SimplyFly] [http-nio-8080-exec-6] o.s.web.servlet.DispatcherServlet        : Completed 200 OK
2025-09-08T07:30:01.696+05:30 DEBUG 15280 --- [SimplyFly] [http-nio-8080-exec-2] o.s.web.servlet.DispatcherServlet        : GET "/api/users/getUserByEmail/owner@hexa.com", parameters={}
2025-09-08T07:30:01.696+05:30 DEBUG 15280 --- [SimplyFly] [http-nio-8080-exec-2] s.w.s.m.m.a.RequestMappingHandlerMapping : Mapped to com.hexaware.simplyfly.controller.UserController#getUserByEmail(String)
2025-09-08T07:30:01.701+05:30 DEBUG 15280 --- [SimplyFly] [http-nio-8080-exec-2] m.m.a.RequestResponseBodyMethodProcessor : Using 'application/json', given [application/json, text/plain, */*] and supported [application/json, application/*+json, application/yaml]
2025-09-08T07:30:01.735+05:30 DEBUG 15280 --- [SimplyFly] [http-nio-8080-exec-2] m.m.a.RequestResponseBodyMethodProcessor : Writing [java.lang.StackOverflowError]
2025-09-08T07:30:01.736+05:30 DEBUG 15280 --- [SimplyFly] [http-nio-8080-exec-2] o.s.web.servlet.DispatcherServlet        : Completed 200 OK
2025-09-08T07:30:01.754+05:30 DEBUG 15280 --- [SimplyFly] [http-nio-8080-exec-9] o.s.web.servlet.DispatcherServlet        : GET "/api/flights/getByOwner/8", parameters={}
2025-09-08T07:30:01.754+05:30 DEBUG 15280 --- [SimplyFly] [http-nio-8080-exec-7] o.s.web.servlet.DispatcherServlet        : GET "/api/users/getUserByEmail/owner@hexa.com", parameters={}
2025-09-08T07:30:01.754+05:30 DEBUG 15280 --- [SimplyFly] [http-nio-8080-exec-9] s.w.s.m.m.a.RequestMappingHandlerMapping : Mapped to com.hexaware.simplyfly.controller.FlightController#getFlightsByOwner(int)
2025-09-08T07:30:01.754+05:30 DEBUG 15280 --- [SimplyFly] [http-nio-8080-exec-7] s.w.s.m.m.a.RequestMappingHandlerMapping : Mapped to com.hexaware.simplyfly.controller.UserController#getUserByEmail(String)
2025-09-08T07:30:01.758+05:30 DEBUG 15280 --- [SimplyFly] [http-nio-8080-exec-7] m.m.a.RequestResponseBodyMethodProcessor : Using 'application/json', given [application/json, text/plain, */*] and supported [application/json, application/*+json, application/yaml]
2025-09-08T07:30:01.766+05:30 DEBUG 15280 --- [SimplyFly] [http-nio-8080-exec-9] m.m.a.RequestResponseBodyMethodProcessor : Using 'application/json', given [application/json, text/plain, */*] and supported [application/json, application/*+json, application/yaml]
2025-09-08T07:30:01.776+05:30 DEBUG 15280 --- [SimplyFly] [http-nio-8080-exec-9] m.m.a.RequestResponseBodyMethodProcessor : Writing [java.lang.StackOverflowError]
2025-09-08T07:30:01.778+05:30 DEBUG 15280 --- [SimplyFly] [http-nio-8080-exec-9] o.s.web.servlet.DispatcherServlet        : Completed 200 OK
2025-09-08T07:30:01.796+05:30 DEBUG 15280 --- [SimplyFly] [http-nio-8080-exec-7] m.m.a.RequestResponseBodyMethodProcessor : Writing [java.lang.StackOverflowError]
2025-09-08T07:30:01.798+05:30 DEBUG 15280 --- [SimplyFly] [http-nio-8080-exec-7] o.s.web.servlet.DispatcherServlet        : Completed 200 OK
2025-09-08T07:30:01.816+05:30 DEBUG 15280 --- [SimplyFly] [http-nio-8080-exec-4] o.s.web.servlet.DispatcherServlet        : GET "/api/flights/getByOwner/8", parameters={}
2025-09-08T07:30:01.817+05:30 DEBUG 15280 --- [SimplyFly] [http-nio-8080-exec-4] s.w.s.m.m.a.RequestMappingHandlerMapping : Mapped to com.hexaware.simplyfly.controller.FlightController#getFlightsByOwner(int)
2025-09-08T07:30:01.829+05:30 DEBUG 15280 --- [SimplyFly] [http-nio-8080-exec-4] m.m.a.RequestResponseBodyMethodProcessor : Using 'application/json', given [application/json, text/plain, */*] and supported [application/json, application/*+json, application/yaml]
2025-09-08T07:30:01.839+05:30 DEBUG 15280 --- [SimplyFly] [http-nio-8080-exec-4] m.m.a.RequestResponseBodyMethodProcessor : Writing [java.lang.StackOverflowError]
2025-09-08T07:30:01.840+05:30 DEBUG 15280 --- [SimplyFly] [http-nio-8080-exec-4] o.s.web.servlet.DispatcherServlet        : Completed 200 OK
2025-09-08T07:30:05.342+05:30 DEBUG 15280 --- [SimplyFly] [http-nio-8080-exec-8] o.s.web.servlet.DispatcherServlet        : GET "/api/users/getUserByEmail/owner@hexa.com", parameters={}
2025-09-08T07:30:05.342+05:30 DEBUG 15280 --- [SimplyFly] [http-nio-8080-exec-8] s.w.s.m.m.a.RequestMappingHandlerMapping : Mapped to com.hexaware.simplyfly.controller.UserController#getUserByEmail(String)
2025-09-08T07:30:05.347+05:30 DEBUG 15280 --- [SimplyFly] [http-nio-8080-exec-8] m.m.a.RequestResponseBodyMethodProcessor : Using 'application/json', given [application/json, text/plain, */*] and supported [application/json, application/*+json, application/yaml]
2025-09-08T07:30:05.379+05:30 DEBUG 15280 --- [SimplyFly] [http-nio-8080-exec-8] m.m.a.RequestResponseBodyMethodProcessor : Writing [java.lang.StackOverflowError]
2025-09-08T07:30:05.381+05:30 DEBUG 15280 --- [SimplyFly] [http-nio-8080-exec-8] o.s.web.servlet.DispatcherServlet        : Completed 200 OK
2025-09-08T07:30:05.398+05:30 DEBUG 15280 --- [SimplyFly] [http-nio-8080-exec-1] o.s.web.servlet.DispatcherServlet        : GET "/api/users/getUserByEmail/owner@hexa.com", parameters={}
2025-09-08T07:30:05.400+05:30 DEBUG 15280 --- [SimplyFly] [http-nio-8080-exec-1] s.w.s.m.m.a.RequestMappingHandlerMapping : Mapped to com.hexaware.simplyfly.controller.UserController#getUserByEmail(String)
2025-09-08T07:30:05.400+05:30 DEBUG 15280 --- [SimplyFly] [http-nio-8080-exec-10] o.s.web.servlet.DispatcherServlet        : GET "/api/flights/getByOwner/8", parameters={}
2025-09-08T07:30:05.401+05:30 DEBUG 15280 --- [SimplyFly] [http-nio-8080-exec-10] s.w.s.m.m.a.RequestMappingHandlerMapping : Mapped to com.hexaware.simplyfly.controller.FlightController#getFlightsByOwner(int)
2025-09-08T07:30:05.405+05:30 DEBUG 15280 --- [SimplyFly] [http-nio-8080-exec-1] m.m.a.RequestResponseBodyMethodProcessor : Using 'application/json', given [application/json, text/plain, */*] and supported [application/json, application/*+json, application/yaml]
2025-09-08T07:30:05.415+05:30 DEBUG 15280 --- [SimplyFly] [http-nio-8080-exec-10] m.m.a.RequestResponseBodyMethodProcessor : Using 'application/json', given [application/json, text/plain, */*] and supported [application/json, application/*+json, application/yaml]
2025-09-08T07:30:05.424+05:30 DEBUG 15280 --- [SimplyFly] [http-nio-8080-exec-10] m.m.a.RequestResponseBodyMethodProcessor : Writing [java.lang.StackOverflowError]
2025-09-08T07:30:05.425+05:30 DEBUG 15280 --- [SimplyFly] [http-nio-8080-exec-10] o.s.web.servlet.DispatcherServlet        : Completed 200 OK
2025-09-08T07:30:05.445+05:30 DEBUG 15280 --- [SimplyFly] [http-nio-8080-exec-1] m.m.a.RequestResponseBodyMethodProcessor : Writing [java.lang.StackOverflowError]
2025-09-08T07:30:05.446+05:30 DEBUG 15280 --- [SimplyFly] [http-nio-8080-exec-1] o.s.web.servlet.DispatcherServlet        : Completed 200 OK
2025-09-08T07:30:05.462+05:30 DEBUG 15280 --- [SimplyFly] [http-nio-8080-exec-5] o.s.web.servlet.DispatcherServlet        : GET "/api/flights/getByOwner/8", parameters={}
2025-09-08T07:30:05.463+05:30 DEBUG 15280 --- [SimplyFly] [http-nio-8080-exec-5] s.w.s.m.m.a.RequestMappingHandlerMapping : Mapped to com.hexaware.simplyfly.controller.FlightController#getFlightsByOwner(int)
2025-09-08T07:30:05.476+05:30 DEBUG 15280 --- [SimplyFly] [http-nio-8080-exec-5] m.m.a.RequestResponseBodyMethodProcessor : Using 'application/json', given [application/json, text/plain, */*] and supported [application/json, application/*+json, application/yaml]
2025-09-08T07:30:05.485+05:30 DEBUG 15280 --- [SimplyFly] [http-nio-8080-exec-5] m.m.a.RequestResponseBodyMethodProcessor : Writing [java.lang.StackOverflowError]
2025-09-08T07:30:05.486+05:30 DEBUG 15280 --- [SimplyFly] [http-nio-8080-exec-5] o.s.web.servlet.DispatcherServlet        : Completed 200 OK
2025-09-08T07:30:06.253+05:30 DEBUG 15280 --- [SimplyFly] [http-nio-8080-exec-2] o.s.web.servlet.DispatcherServlet        : GET "/api/bookings/getByFlight/10", parameters={}
2025-09-08T07:30:06.254+05:30 DEBUG 15280 --- [SimplyFly] [http-nio-8080-exec-2] s.w.s.m.m.a.RequestMappingHandlerMapping : Mapped to com.hexaware.simplyfly.controller.BookingController#getBookingsByFlight(int)
2025-09-08T07:30:06.317+05:30 DEBUG 15280 --- [SimplyFly] [http-nio-8080-exec-2] m.m.a.RequestResponseBodyMethodProcessor : Using 'application/json', given [application/json, text/plain, */*] and supported [application/json, application/*+json, application/yaml]
2025-09-08T07:30:06.336+05:30 DEBUG 15280 --- [SimplyFly] [http-nio-8080-exec-2] m.m.a.RequestResponseBodyMethodProcessor : Writing [java.lang.StackOverflowError]
2025-09-08T07:30:06.357+05:30 DEBUG 15280 --- [SimplyFly] [http-nio-8080-exec-2] o.s.web.servlet.DispatcherServlet        : Completed 200 OK
2025-09-08T07:30:06.373+05:30 DEBUG 15280 --- [SimplyFly] [http-nio-8080-exec-9] o.s.web.servlet.DispatcherServlet        : GET "/api/bookings/getByFlight/10", parameters={}
2025-09-08T07:30:06.373+05:30 DEBUG 15280 --- [SimplyFly] [http-nio-8080-exec-9] s.w.s.m.m.a.RequestMappingHandlerMapping : Mapped to com.hexaware.simplyfly.controller.BookingController#getBookingsByFlight(int)
2025-09-08T07:30:06.403+05:30 DEBUG 15280 --- [SimplyFly] [http-nio-8080-exec-9] m.m.a.RequestResponseBodyMethodProcessor : Using 'application/json', given [application/json, text/plain, */*] and supported [application/json, application/*+json, application/yaml]
2025-09-08T07:30:06.420+05:30 DEBUG 15280 --- [SimplyFly] [http-nio-8080-exec-9] m.m.a.RequestResponseBodyMethodProcessor : Writing [java.lang.StackOverflowError]
2025-09-08T07:30:06.428+05:30 DEBUG 15280 --- [SimplyFly] [http-nio-8080-exec-9] o.s.web.servlet.DispatcherServlet        : Completed 200 OK
2025-09-08T07:31:11.428+05:30 DEBUG 15280 --- [SimplyFly] [http-nio-8080-exec-8] o.s.web.servlet.DispatcherServlet        : GET "/api/users/getUserByEmail/owner@hexa.com", parameters={}
2025-09-08T07:31:11.428+05:30 DEBUG 15280 --- [SimplyFly] [http-nio-8080-exec-8] s.w.s.m.m.a.RequestMappingHandlerMapping : Mapped to com.hexaware.simplyfly.controller.UserController#getUserByEmail(String)
2025-09-08T07:31:11.434+05:30 DEBUG 15280 --- [SimplyFly] [http-nio-8080-exec-8] m.m.a.RequestResponseBodyMethodProcessor : Using 'application/json', given [application/json, text/plain, */*] and supported [application/json, application/*+json, application/yaml]
2025-09-08T07:31:11.479+05:30 DEBUG 15280 --- [SimplyFly] [http-nio-8080-exec-8] m.m.a.RequestResponseBodyMethodProcessor : Writing [java.lang.StackOverflowError]
2025-09-08T07:31:11.480+05:30 DEBUG 15280 --- [SimplyFly] [http-nio-8080-exec-8] o.s.web.servlet.DispatcherServlet        : Completed 200 OK
2025-09-08T07:31:11.495+05:30 DEBUG 15280 --- [SimplyFly] [http-nio-8080-exec-10] o.s.web.servlet.DispatcherServlet        : GET "/api/users/getUserByEmail/owner@hexa.com", parameters={}
2025-09-08T07:31:11.495+05:30 DEBUG 15280 --- [SimplyFly] [http-nio-8080-exec-1] o.s.web.servlet.DispatcherServlet        : GET "/api/flights/getByOwner/8", parameters={}
2025-09-08T07:31:11.495+05:30 DEBUG 15280 --- [SimplyFly] [http-nio-8080-exec-10] s.w.s.m.m.a.RequestMappingHandlerMapping : Mapped to com.hexaware.simplyfly.controller.UserController#getUserByEmail(String)
2025-09-08T07:31:11.495+05:30 DEBUG 15280 --- [SimplyFly] [http-nio-8080-exec-1] s.w.s.m.m.a.RequestMappingHandlerMapping : Mapped to com.hexaware.simplyfly.controller.FlightController#getFlightsByOwner(int)
2025-09-08T07:31:11.500+05:30 DEBUG 15280 --- [SimplyFly] [http-nio-8080-exec-10] m.m.a.RequestResponseBodyMethodProcessor : Using 'application/json', given [application/json, text/plain, */*] and supported [application/json, application/*+json, application/yaml]
2025-09-08T07:31:11.508+05:30 DEBUG 15280 --- [SimplyFly] [http-nio-8080-exec-1] m.m.a.RequestResponseBodyMethodProcessor : Using 'application/json', given [application/json, text/plain, */*] and supported [application/json, application/*+json, application/yaml]
2025-09-08T07:31:11.517+05:30 DEBUG 15280 --- [SimplyFly] [http-nio-8080-exec-1] m.m.a.RequestResponseBodyMethodProcessor : Writing [java.lang.StackOverflowError]
2025-09-08T07:31:11.518+05:30 DEBUG 15280 --- [SimplyFly] [http-nio-8080-exec-1] o.s.web.servlet.DispatcherServlet        : Completed 200 OK
2025-09-08T07:31:11.540+05:30 DEBUG 15280 --- [SimplyFly] [http-nio-8080-exec-10] m.m.a.RequestResponseBodyMethodProcessor : Writing [java.lang.StackOverflowError]
2025-09-08T07:31:11.542+05:30 DEBUG 15280 --- [SimplyFly] [http-nio-8080-exec-10] o.s.web.servlet.DispatcherServlet        : Completed 200 OK
2025-09-08T07:31:11.556+05:30 DEBUG 15280 --- [SimplyFly] [http-nio-8080-exec-5] o.s.web.servlet.DispatcherServlet        : GET "/api/flights/getByOwner/8", parameters={}
2025-09-08T07:31:11.557+05:30 DEBUG 15280 --- [SimplyFly] [http-nio-8080-exec-5] s.w.s.m.m.a.RequestMappingHandlerMapping : Mapped to com.hexaware.simplyfly.controller.FlightController#getFlightsByOwner(int)
2025-09-08T07:31:11.569+05:30 DEBUG 15280 --- [SimplyFly] [http-nio-8080-exec-5] m.m.a.RequestResponseBodyMethodProcessor : Using 'application/json', given [application/json, text/plain, */*] and supported [application/json, application/*+json, application/yaml]
2025-09-08T07:31:11.579+05:30 DEBUG 15280 --- [SimplyFly] [http-nio-8080-exec-5] m.m.a.RequestResponseBodyMethodProcessor : Writing [java.lang.StackOverflowError]
2025-09-08T07:31:11.580+05:30 DEBUG 15280 --- [SimplyFly] [http-nio-8080-exec-5] o.s.web.servlet.DispatcherServlet        : Completed 200 OK
2025-09-08T08:55:24.662+05:30 DEBUG 15280 --- [SimplyFly] [http-nio-8080-exec-9] o.s.web.servlet.DispatcherServlet        : POST "/api/auth/login", parameters={}
2025-09-08T08:55:24.663+05:30 DEBUG 15280 --- [SimplyFly] [http-nio-8080-exec-9] s.w.s.m.m.a.RequestMappingHandlerMapping : Mapped to com.hexaware.simplyfly.controller.UserRestController#login(AuthRequest)
2025-09-08T08:55:24.668+05:30 DEBUG 15280 --- [SimplyFly] [http-nio-8080-exec-9] m.m.a.RequestResponseBodyMethodProcessor : Read "application/json;charset=UTF-8" to [AuthRequest(email=sam@gmail.com, password=sam@1234)]
2025-09-08T08:55:24.796+05:30 DEBUG 15280 --- [SimplyFly] [http-nio-8080-exec-9] o.s.w.s.m.m.a.HttpEntityMethodProcessor  : Using 'application/json', given [application/json, text/plain, */*] and supported [text/plain, */*, application/json, application/*+json, application/yaml]
2025-09-08T08:55:24.797+05:30 DEBUG 15280 --- [SimplyFly] [http-nio-8080-exec-9] o.s.w.s.m.m.a.HttpEntityMethodProcessor  : Writing ["eyJhbGciOiJIUzI1NiJ9.eyJyb2xlIjoiUEFTU0VOR0VSIiwic3ViIjoic2FtQGdtYWlsLmNvbSIsImlhdCI6MTc1NzMwMTkyNCw (truncated)..."]
2025-09-08T08:55:24.798+05:30 DEBUG 15280 --- [SimplyFly] [http-nio-8080-exec-9] o.s.web.servlet.DispatcherServlet        : Completed 200 OK
2025-09-08T08:55:30.521+05:30 DEBUG 15280 --- [SimplyFly] [http-nio-8080-exec-4] o.s.web.servlet.DispatcherServlet        : GET "/api/users/getUserByEmail/sam@gmail.com", parameters={}
2025-09-08T08:55:30.522+05:30 DEBUG 15280 --- [SimplyFly] [http-nio-8080-exec-4] s.w.s.m.m.a.RequestMappingHandlerMapping : Mapped to com.hexaware.simplyfly.controller.UserController#getUserByEmail(String)
2025-09-08T08:55:30.526+05:30 DEBUG 15280 --- [SimplyFly] [http-nio-8080-exec-4] m.m.a.RequestResponseBodyMethodProcessor : Using 'application/json', given [application/json, text/plain, */*] and supported [application/json, application/*+json, application/yaml]
2025-09-08T08:55:30.577+05:30 DEBUG 15280 --- [SimplyFly] [http-nio-8080-exec-4] m.m.a.RequestResponseBodyMethodProcessor : Writing [Optional[User(userId=7, name=Sam S, email=sam@gmail.com, password=$2a$10$eOflTl/Grg4kBlKJsFXYGu03FdH (truncated)...]
2025-09-08T08:55:30.578+05:30 DEBUG 15280 --- [SimplyFly] [http-nio-8080-exec-4] o.s.web.servlet.DispatcherServlet        : Completed 200 OK
2025-09-08T08:55:30.595+05:30 DEBUG 15280 --- [SimplyFly] [http-nio-8080-exec-1] o.s.web.servlet.DispatcherServlet        : GET "/api/users/getUserByEmail/sam@gmail.com", parameters={}
2025-09-08T08:55:30.596+05:30 DEBUG 15280 --- [SimplyFly] [http-nio-8080-exec-1] s.w.s.m.m.a.RequestMappingHandlerMapping : Mapped to com.hexaware.simplyfly.controller.UserController#getUserByEmail(String)
2025-09-08T08:55:30.597+05:30 DEBUG 15280 --- [SimplyFly] [http-nio-8080-exec-5] o.s.web.servlet.DispatcherServlet        : GET "/api/bookings/getByUser/7", parameters={}
2025-09-08T08:55:30.597+05:30 DEBUG 15280 --- [SimplyFly] [http-nio-8080-exec-5] s.w.s.m.m.a.RequestMappingHandlerMapping : Mapped to com.hexaware.simplyfly.controller.BookingController#getBookingsByUser(int)
2025-09-08T08:55:30.600+05:30 DEBUG 15280 --- [SimplyFly] [http-nio-8080-exec-1] m.m.a.RequestResponseBodyMethodProcessor : Using 'application/json', given [application/json, text/plain, */*] and supported [application/json, application/*+json, application/yaml]
2025-09-08T08:55:30.613+05:30 DEBUG 15280 --- [SimplyFly] [http-nio-8080-exec-5] .m.m.a.ExceptionHandlerExceptionResolver : Using @ExceptionHandler com.hexaware.simplyfly.exception.GlobalExceptionHandler#handleBookingNotFound()
2025-09-08T08:55:30.615+05:30 ERROR 15280 --- [SimplyFly] [http-nio-8080-exec-5] c.h.s.exception.GlobalExceptionHandler   : Booking lookup failed — no booking exists for this ID.
2025-09-08T08:55:30.615+05:30 DEBUG 15280 --- [SimplyFly] [http-nio-8080-exec-5] .m.m.a.ExceptionHandlerExceptionResolver : Resolved [com.hexaware.simplyfly.exception.BookingNotFoundException: No bookings found for user with ID: 7]
2025-09-08T08:55:30.616+05:30 DEBUG 15280 --- [SimplyFly] [http-nio-8080-exec-5] o.s.web.servlet.DispatcherServlet        : Completed 404 NOT_FOUND
2025-09-08T08:55:30.630+05:30 DEBUG 15280 --- [SimplyFly] [http-nio-8080-exec-1] m.m.a.RequestResponseBodyMethodProcessor : Writing [Optional[User(userId=7, name=Sam S, email=sam@gmail.com, password=$2a$10$eOflTl/Grg4kBlKJsFXYGu03FdH (truncated)...]
2025-09-08T08:55:30.631+05:30 DEBUG 15280 --- [SimplyFly] [http-nio-8080-exec-1] o.s.web.servlet.DispatcherServlet        : Completed 200 OK
2025-09-08T08:55:30.647+05:30 DEBUG 15280 --- [SimplyFly] [http-nio-8080-exec-6] o.s.web.servlet.DispatcherServlet        : GET "/api/bookings/getByUser/7", parameters={}
2025-09-08T08:55:30.648+05:30 DEBUG 15280 --- [SimplyFly] [http-nio-8080-exec-6] s.w.s.m.m.a.RequestMappingHandlerMapping : Mapped to com.hexaware.simplyfly.controller.BookingController#getBookingsByUser(int)
2025-09-08T08:55:30.656+05:30 DEBUG 15280 --- [SimplyFly] [http-nio-8080-exec-6] .m.m.a.ExceptionHandlerExceptionResolver : Using @ExceptionHandler com.hexaware.simplyfly.exception.GlobalExceptionHandler#handleBookingNotFound()
2025-09-08T08:55:30.657+05:30 ERROR 15280 --- [SimplyFly] [http-nio-8080-exec-6] c.h.s.exception.GlobalExceptionHandler   : Booking lookup failed — no booking exists for this ID.
2025-09-08T08:55:30.657+05:30 DEBUG 15280 --- [SimplyFly] [http-nio-8080-exec-6] .m.m.a.ExceptionHandlerExceptionResolver : Resolved [com.hexaware.simplyfly.exception.BookingNotFoundException: No bookings found for user with ID: 7]
2025-09-08T08:55:30.657+05:30 DEBUG 15280 --- [SimplyFly] [http-nio-8080-exec-6] o.s.web.servlet.DispatcherServlet        : Completed 404 NOT_FOUND
2025-09-08T08:55:34.136+05:30 DEBUG 15280 --- [SimplyFly] [http-nio-8080-exec-3] o.s.web.servlet.DispatcherServlet        : GET "/api/users/getUserByEmail/sam@gmail.com", parameters={}
2025-09-08T08:55:34.137+05:30 DEBUG 15280 --- [SimplyFly] [http-nio-8080-exec-3] s.w.s.m.m.a.RequestMappingHandlerMapping : Mapped to com.hexaware.simplyfly.controller.UserController#getUserByEmail(String)
2025-09-08T08:55:34.144+05:30 DEBUG 15280 --- [SimplyFly] [http-nio-8080-exec-3] m.m.a.RequestResponseBodyMethodProcessor : Using 'application/json', given [application/json, text/plain, */*] and supported [application/json, application/*+json, application/yaml]
2025-09-08T08:55:34.169+05:30 DEBUG 15280 --- [SimplyFly] [http-nio-8080-exec-3] m.m.a.RequestResponseBodyMethodProcessor : Writing [Optional[User(userId=7, name=Sam S, email=sam@gmail.com, password=$2a$10$eOflTl/Grg4kBlKJsFXYGu03FdH (truncated)...]
2025-09-08T08:55:34.171+05:30 DEBUG 15280 --- [SimplyFly] [http-nio-8080-exec-3] o.s.web.servlet.DispatcherServlet        : Completed 200 OK
2025-09-08T08:55:34.185+05:30 DEBUG 15280 --- [SimplyFly] [http-nio-8080-exec-2] o.s.web.servlet.DispatcherServlet        : GET "/api/users/getUserByEmail/sam@gmail.com", parameters={}
2025-09-08T08:55:34.186+05:30 DEBUG 15280 --- [SimplyFly] [http-nio-8080-exec-2] s.w.s.m.m.a.RequestMappingHandlerMapping : Mapped to com.hexaware.simplyfly.controller.UserController#getUserByEmail(String)
2025-09-08T08:55:34.191+05:30 DEBUG 15280 --- [SimplyFly] [http-nio-8080-exec-2] m.m.a.RequestResponseBodyMethodProcessor : Using 'application/json', given [application/json, text/plain, */*] and supported [application/json, application/*+json, application/yaml]
2025-09-08T08:55:34.217+05:30 DEBUG 15280 --- [SimplyFly] [http-nio-8080-exec-2] m.m.a.RequestResponseBodyMethodProcessor : Writing [Optional[User(userId=7, name=Sam S, email=sam@gmail.com, password=$2a$10$eOflTl/Grg4kBlKJsFXYGu03FdH (truncated)...]
2025-09-08T08:55:34.218+05:30 DEBUG 15280 --- [SimplyFly] [http-nio-8080-exec-2] o.s.web.servlet.DispatcherServlet        : Completed 200 OK
2025-09-08T08:55:51.640+05:30 DEBUG 15280 --- [SimplyFly] [http-nio-8080-exec-9] o.s.web.servlet.DispatcherServlet        : POST "/api/auth/login", parameters={}
2025-09-08T08:55:51.640+05:30 DEBUG 15280 --- [SimplyFly] [http-nio-8080-exec-9] s.w.s.m.m.a.RequestMappingHandlerMapping : Mapped to com.hexaware.simplyfly.controller.UserRestController#login(AuthRequest)
2025-09-08T08:55:51.641+05:30 DEBUG 15280 --- [SimplyFly] [http-nio-8080-exec-9] m.m.a.RequestResponseBodyMethodProcessor : Read "application/json;charset=UTF-8" to [AuthRequest(email=Dave@hexaware.com, password=dave@123)]
2025-09-08T08:55:51.762+05:30 DEBUG 15280 --- [SimplyFly] [http-nio-8080-exec-9] o.s.w.s.m.m.a.HttpEntityMethodProcessor  : Using 'application/json', given [application/json, text/plain, */*] and supported [text/plain, */*, application/json, application/*+json, application/yaml]
2025-09-08T08:55:51.762+05:30 DEBUG 15280 --- [SimplyFly] [http-nio-8080-exec-9] o.s.w.s.m.m.a.HttpEntityMethodProcessor  : Writing ["eyJhbGciOiJIUzI1NiJ9.eyJyb2xlIjoiUEFTU0VOR0VSIiwic3ViIjoiZGF2ZUBoZXhhd2FyZS5jb20iLCJpYXQiOjE3NTczMDE (truncated)..."]
2025-09-08T08:55:51.763+05:30 DEBUG 15280 --- [SimplyFly] [http-nio-8080-exec-9] o.s.web.servlet.DispatcherServlet        : Completed 200 OK
2025-09-08T08:55:53.518+05:30 DEBUG 15280 --- [SimplyFly] [http-nio-8080-exec-4] o.s.web.servlet.DispatcherServlet        : GET "/api/users/getUserByEmail/dave@hexaware.com", parameters={}
2025-09-08T08:55:53.519+05:30 DEBUG 15280 --- [SimplyFly] [http-nio-8080-exec-4] s.w.s.m.m.a.RequestMappingHandlerMapping : Mapped to com.hexaware.simplyfly.controller.UserController#getUserByEmail(String)
2025-09-08T08:55:53.525+05:30 DEBUG 15280 --- [SimplyFly] [http-nio-8080-exec-4] m.m.a.RequestResponseBodyMethodProcessor : Using 'application/json', given [application/json, text/plain, */*] and supported [application/json, application/*+json, application/yaml]
2025-09-08T08:55:53.562+05:30 DEBUG 15280 --- [SimplyFly] [http-nio-8080-exec-4] m.m.a.RequestResponseBodyMethodProcessor : Writing [java.lang.StackOverflowError]
2025-09-08T08:55:53.563+05:30 DEBUG 15280 --- [SimplyFly] [http-nio-8080-exec-4] o.s.web.servlet.DispatcherServlet        : Completed 200 OK
2025-09-08T08:55:53.588+05:30 DEBUG 15280 --- [SimplyFly] [http-nio-8080-exec-10] o.s.web.servlet.DispatcherServlet        : GET "/api/users/getUserByEmail/dave@hexaware.com", parameters={}
2025-09-08T08:55:53.588+05:30 DEBUG 15280 --- [SimplyFly] [http-nio-8080-exec-10] s.w.s.m.m.a.RequestMappingHandlerMapping : Mapped to com.hexaware.simplyfly.controller.UserController#getUserByEmail(String)
2025-09-08T08:55:53.590+05:30 DEBUG 15280 --- [SimplyFly] [http-nio-8080-exec-1] o.s.web.servlet.DispatcherServlet        : GET "/api/bookings/getByUser/10", parameters={}
2025-09-08T08:55:53.590+05:30 DEBUG 15280 --- [SimplyFly] [http-nio-8080-exec-1] s.w.s.m.m.a.RequestMappingHandlerMapping : Mapped to com.hexaware.simplyfly.controller.BookingController#getBookingsByUser(int)
2025-09-08T08:55:53.592+05:30 DEBUG 15280 --- [SimplyFly] [http-nio-8080-exec-10] m.m.a.RequestResponseBodyMethodProcessor : Using 'application/json', given [application/json, text/plain, */*] and supported [application/json, application/*+json, application/yaml]
2025-09-08T08:55:53.617+05:30 DEBUG 15280 --- [SimplyFly] [http-nio-8080-exec-1] m.m.a.RequestResponseBodyMethodProcessor : Using 'application/json', given [application/json, text/plain, */*] and supported [application/json, application/*+json, application/yaml]
2025-09-08T08:55:53.620+05:30 DEBUG 15280 --- [SimplyFly] [http-nio-8080-exec-10] m.m.a.RequestResponseBodyMethodProcessor : Writing [java.lang.StackOverflowError]
2025-09-08T08:55:53.621+05:30 DEBUG 15280 --- [SimplyFly] [http-nio-8080-exec-10] o.s.web.servlet.DispatcherServlet        : Completed 200 OK
2025-09-08T08:55:53.635+05:30 DEBUG 15280 --- [SimplyFly] [http-nio-8080-exec-1] m.m.a.RequestResponseBodyMethodProcessor : Writing [java.lang.StackOverflowError]
2025-09-08T08:55:53.642+05:30 DEBUG 15280 --- [SimplyFly] [http-nio-8080-exec-1] o.s.web.servlet.DispatcherServlet        : Completed 200 OK
2025-09-08T08:55:53.652+05:30 DEBUG 15280 --- [SimplyFly] [http-nio-8080-exec-6] o.s.web.servlet.DispatcherServlet        : GET "/api/bookings/getByUser/10", parameters={}
2025-09-08T08:55:53.652+05:30 DEBUG 15280 --- [SimplyFly] [http-nio-8080-exec-6] s.w.s.m.m.a.RequestMappingHandlerMapping : Mapped to com.hexaware.simplyfly.controller.BookingController#getBookingsByUser(int)
2025-09-08T08:55:53.675+05:30 DEBUG 15280 --- [SimplyFly] [http-nio-8080-exec-6] m.m.a.RequestResponseBodyMethodProcessor : Using 'application/json', given [application/json, text/plain, */*] and supported [application/json, application/*+json, application/yaml]
2025-09-08T08:55:53.690+05:30 DEBUG 15280 --- [SimplyFly] [http-nio-8080-exec-6] m.m.a.RequestResponseBodyMethodProcessor : Writing [java.lang.StackOverflowError]
2025-09-08T08:55:53.696+05:30 DEBUG 15280 --- [SimplyFly] [http-nio-8080-exec-6] o.s.web.servlet.DispatcherServlet        : Completed 200 OK
2025-09-08T09:01:28.731+05:30 DEBUG 15280 --- [SimplyFly] [http-nio-8080-exec-9] o.s.web.servlet.DispatcherServlet        : GET "/api/users/getUserByEmail/dave@hexaware.com", parameters={}
2025-09-08T09:01:28.731+05:30 DEBUG 15280 --- [SimplyFly] [http-nio-8080-exec-9] s.w.s.m.m.a.RequestMappingHandlerMapping : Mapped to com.hexaware.simplyfly.controller.UserController#getUserByEmail(String)
2025-09-08T09:01:28.736+05:30 DEBUG 15280 --- [SimplyFly] [http-nio-8080-exec-9] m.m.a.RequestResponseBodyMethodProcessor : Using 'application/json', given [application/json, text/plain, */*] and supported [application/json, application/*+json, application/yaml]
2025-09-08T09:01:28.766+05:30 DEBUG 15280 --- [SimplyFly] [http-nio-8080-exec-9] m.m.a.RequestResponseBodyMethodProcessor : Writing [java.lang.StackOverflowError]
2025-09-08T09:01:28.767+05:30 DEBUG 15280 --- [SimplyFly] [http-nio-8080-exec-9] o.s.web.servlet.DispatcherServlet        : Completed 200 OK
2025-09-08T09:01:28.786+05:30 DEBUG 15280 --- [SimplyFly] [http-nio-8080-exec-8] o.s.web.servlet.DispatcherServlet        : GET "/api/users/getUserByEmail/dave@hexaware.com", parameters={}
2025-09-08T09:01:28.786+05:30 DEBUG 15280 --- [SimplyFly] [http-nio-8080-exec-8] s.w.s.m.m.a.RequestMappingHandlerMapping : Mapped to com.hexaware.simplyfly.controller.UserController#getUserByEmail(String)
2025-09-08T09:01:28.791+05:30 DEBUG 15280 --- [SimplyFly] [http-nio-8080-exec-8] m.m.a.RequestResponseBodyMethodProcessor : Using 'application/json', given [application/json, text/plain, */*] and supported [application/json, application/*+json, application/yaml]
2025-09-08T09:01:28.825+05:30 DEBUG 15280 --- [SimplyFly] [http-nio-8080-exec-8] m.m.a.RequestResponseBodyMethodProcessor : Writing [java.lang.StackOverflowError]
2025-09-08T09:01:28.826+05:30 DEBUG 15280 --- [SimplyFly] [http-nio-8080-exec-8] o.s.web.servlet.DispatcherServlet        : Completed 200 OK
2025-09-08T09:01:39.100+05:30 DEBUG 15280 --- [SimplyFly] [http-nio-8080-exec-7] o.s.web.servlet.DispatcherServlet        : GET "/api/users/getUserByEmail/dave@hexaware.com", parameters={}
2025-09-08T09:01:39.101+05:30 DEBUG 15280 --- [SimplyFly] [http-nio-8080-exec-7] s.w.s.m.m.a.RequestMappingHandlerMapping : Mapped to com.hexaware.simplyfly.controller.UserController#getUserByEmail(String)
2025-09-08T09:01:39.108+05:30 DEBUG 15280 --- [SimplyFly] [http-nio-8080-exec-7] m.m.a.RequestResponseBodyMethodProcessor : Using 'application/json', given [application/json, text/plain, */*] and supported [application/json, application/*+json, application/yaml]
2025-09-08T09:01:39.147+05:30 DEBUG 15280 --- [SimplyFly] [http-nio-8080-exec-7] m.m.a.RequestResponseBodyMethodProcessor : Writing [java.lang.StackOverflowError]
2025-09-08T09:01:39.149+05:30 DEBUG 15280 --- [SimplyFly] [http-nio-8080-exec-7] o.s.web.servlet.DispatcherServlet        : Completed 200 OK
2025-09-08T09:01:39.163+05:30 DEBUG 15280 --- [SimplyFly] [http-nio-8080-exec-4] o.s.web.servlet.DispatcherServlet        : GET "/api/users/getUserByEmail/dave@hexaware.com", parameters={}
2025-09-08T09:01:39.163+05:30 DEBUG 15280 --- [SimplyFly] [http-nio-8080-exec-4] s.w.s.m.m.a.RequestMappingHandlerMapping : Mapped to com.hexaware.simplyfly.controller.UserController#getUserByEmail(String)
2025-09-08T09:01:39.164+05:30 DEBUG 15280 --- [SimplyFly] [http-nio-8080-exec-5] o.s.web.servlet.DispatcherServlet        : GET "/api/bookings/getByUser/10", parameters={}
2025-09-08T09:01:39.165+05:30 DEBUG 15280 --- [SimplyFly] [http-nio-8080-exec-5] s.w.s.m.m.a.RequestMappingHandlerMapping : Mapped to com.hexaware.simplyfly.controller.BookingController#getBookingsByUser(int)
2025-09-08T09:01:39.176+05:30 DEBUG 15280 --- [SimplyFly] [http-nio-8080-exec-4] m.m.a.RequestResponseBodyMethodProcessor : Using 'application/json', given [application/json, text/plain, */*] and supported [application/json, application/*+json, application/yaml]
2025-09-08T09:01:39.211+05:30 DEBUG 15280 --- [SimplyFly] [http-nio-8080-exec-5] m.m.a.RequestResponseBodyMethodProcessor : Using 'application/json', given [application/json, text/plain, */*] and supported [application/json, application/*+json, application/yaml]
2025-09-08T09:01:39.219+05:30 DEBUG 15280 --- [SimplyFly] [http-nio-8080-exec-4] m.m.a.RequestResponseBodyMethodProcessor : Writing [java.lang.StackOverflowError]
2025-09-08T09:01:39.221+05:30 DEBUG 15280 --- [SimplyFly] [http-nio-8080-exec-4] o.s.web.servlet.DispatcherServlet        : Completed 200 OK
2025-09-08T09:01:39.237+05:30 DEBUG 15280 --- [SimplyFly] [http-nio-8080-exec-5] m.m.a.RequestResponseBodyMethodProcessor : Writing [java.lang.StackOverflowError]
2025-09-08T09:01:39.326+05:30 DEBUG 15280 --- [SimplyFly] [http-nio-8080-exec-5] o.s.web.servlet.DispatcherServlet        : Completed 200 OK
2025-09-08T09:01:39.353+05:30 DEBUG 15280 --- [SimplyFly] [http-nio-8080-exec-10] o.s.web.servlet.DispatcherServlet        : GET "/api/bookings/getByUser/10", parameters={}
2025-09-08T09:01:39.354+05:30 DEBUG 15280 --- [SimplyFly] [http-nio-8080-exec-10] s.w.s.m.m.a.RequestMappingHandlerMapping : Mapped to com.hexaware.simplyfly.controller.BookingController#getBookingsByUser(int)
2025-09-08T09:01:39.414+05:30 DEBUG 15280 --- [SimplyFly] [http-nio-8080-exec-10] m.m.a.RequestResponseBodyMethodProcessor : Using 'application/json', given [application/json, text/plain, */*] and supported [application/json, application/*+json, application/yaml]
2025-09-08T09:01:39.432+05:30 DEBUG 15280 --- [SimplyFly] [http-nio-8080-exec-10] m.m.a.RequestResponseBodyMethodProcessor : Writing [java.lang.StackOverflowError]
2025-09-08T09:01:39.442+05:30 DEBUG 15280 --- [SimplyFly] [http-nio-8080-exec-10] o.s.web.servlet.DispatcherServlet        : Completed 200 OK
2025-09-08T09:01:47.894+05:30 DEBUG 15280 --- [SimplyFly] [http-nio-8080-exec-1] o.s.web.servlet.DispatcherServlet        : GET "/api/users/getUserByEmail/dave@hexaware.com", parameters={}
2025-09-08T09:01:47.895+05:30 DEBUG 15280 --- [SimplyFly] [http-nio-8080-exec-1] s.w.s.m.m.a.RequestMappingHandlerMapping : Mapped to com.hexaware.simplyfly.controller.UserController#getUserByEmail(String)
2025-09-08T09:01:47.902+05:30 DEBUG 15280 --- [SimplyFly] [http-nio-8080-exec-1] m.m.a.RequestResponseBodyMethodProcessor : Using 'application/json', given [application/json, text/plain, */*] and supported [application/json, application/*+json, application/yaml]
2025-09-08T09:01:47.928+05:30 DEBUG 15280 --- [SimplyFly] [http-nio-8080-exec-1] m.m.a.RequestResponseBodyMethodProcessor : Writing [java.lang.StackOverflowError]
2025-09-08T09:01:47.929+05:30 DEBUG 15280 --- [SimplyFly] [http-nio-8080-exec-1] o.s.web.servlet.DispatcherServlet        : Completed 200 OK
2025-09-08T09:01:47.944+05:30 DEBUG 15280 --- [SimplyFly] [http-nio-8080-exec-3] o.s.web.servlet.DispatcherServlet        : GET "/api/bookings/getByUser/10", parameters={}
2025-09-08T09:01:47.944+05:30 DEBUG 15280 --- [SimplyFly] [http-nio-8080-exec-6] o.s.web.servlet.DispatcherServlet        : GET "/api/users/getUserByEmail/dave@hexaware.com", parameters={}
2025-09-08T09:01:47.944+05:30 DEBUG 15280 --- [SimplyFly] [http-nio-8080-exec-3] s.w.s.m.m.a.RequestMappingHandlerMapping : Mapped to com.hexaware.simplyfly.controller.BookingController#getBookingsByUser(int)
2025-09-08T09:01:47.944+05:30 DEBUG 15280 --- [SimplyFly] [http-nio-8080-exec-6] s.w.s.m.m.a.RequestMappingHandlerMapping : Mapped to com.hexaware.simplyfly.controller.UserController#getUserByEmail(String)
2025-09-08T09:01:47.949+05:30 DEBUG 15280 --- [SimplyFly] [http-nio-8080-exec-6] m.m.a.RequestResponseBodyMethodProcessor : Using 'application/json', given [application/json, text/plain, */*] and supported [application/json, application/*+json, application/yaml]
2025-09-08T09:01:47.973+05:30 DEBUG 15280 --- [SimplyFly] [http-nio-8080-exec-3] m.m.a.RequestResponseBodyMethodProcessor : Using 'application/json', given [application/json, text/plain, */*] and supported [application/json, application/*+json, application/yaml]
2025-09-08T09:01:47.978+05:30 DEBUG 15280 --- [SimplyFly] [http-nio-8080-exec-6] m.m.a.RequestResponseBodyMethodProcessor : Writing [java.lang.StackOverflowError]
2025-09-08T09:01:47.979+05:30 DEBUG 15280 --- [SimplyFly] [http-nio-8080-exec-6] o.s.web.servlet.DispatcherServlet        : Completed 200 OK
2025-09-08T09:01:47.991+05:30 DEBUG 15280 --- [SimplyFly] [http-nio-8080-exec-3] m.m.a.RequestResponseBodyMethodProcessor : Writing [java.lang.StackOverflowError]
2025-09-08T09:01:47.999+05:30 DEBUG 15280 --- [SimplyFly] [http-nio-8080-exec-3] o.s.web.servlet.DispatcherServlet        : Completed 200 OK
2025-09-08T09:01:48.012+05:30 DEBUG 15280 --- [SimplyFly] [http-nio-8080-exec-2] o.s.web.servlet.DispatcherServlet        : GET "/api/bookings/getByUser/10", parameters={}
2025-09-08T09:01:48.012+05:30 DEBUG 15280 --- [SimplyFly] [http-nio-8080-exec-2] s.w.s.m.m.a.RequestMappingHandlerMapping : Mapped to com.hexaware.simplyfly.controller.BookingController#getBookingsByUser(int)
2025-09-08T09:01:48.040+05:30 DEBUG 15280 --- [SimplyFly] [http-nio-8080-exec-2] m.m.a.RequestResponseBodyMethodProcessor : Using 'application/json', given [application/json, text/plain, */*] and supported [application/json, application/*+json, application/yaml]
2025-09-08T09:01:48.057+05:30 DEBUG 15280 --- [SimplyFly] [http-nio-8080-exec-2] m.m.a.RequestResponseBodyMethodProcessor : Writing [java.lang.StackOverflowError]
2025-09-08T09:01:48.065+05:30 DEBUG 15280 --- [SimplyFly] [http-nio-8080-exec-2] o.s.web.servlet.DispatcherServlet        : Completed 200 OK
