2025-08-14T10:23:06.168+05:30  INFO 17816 --- [SimplyFly] [main] c.h.simplyfly.SimplyFlyApplication       : Starting SimplyFlyApplication using Java 21.0.6 with PID 17816 (D:\FSD_HEXA_WEB\SimplyFly\target\classes started by Icon in D:\FSD_HEXA_WEB\SimplyFly)
2025-08-14T10:23:06.177+05:30  INFO 17816 --- [SimplyFly] [main] c.h.simplyfly.SimplyFlyApplication       : No active profile set, falling back to 1 default profile: "default"
2025-08-14T10:23:09.646+05:30  INFO 17816 --- [SimplyFly] [main] .s.d.r.c.RepositoryConfigurationDelegate : Bootstrapping Spring Data JPA repositories in DEFAULT mode.
2025-08-14T10:23:09.906+05:30  INFO 17816 --- [SimplyFly] [main] .s.d.r.c.RepositoryConfigurationDelegate : Finished Spring Data repository scanning in 237 ms. Found 8 JPA repository interfaces.
2025-08-14T10:23:12.609+05:30  INFO 17816 --- [SimplyFly] [main] o.s.b.w.embedded.tomcat.TomcatWebServer  : Tomcat initialized with port 8080 (http)
2025-08-14T10:23:12.660+05:30  INFO 17816 --- [SimplyFly] [main] o.apache.catalina.core.StandardService   : Starting service [Tomcat]
2025-08-14T10:23:12.661+05:30  INFO 17816 --- [SimplyFly] [main] o.apache.catalina.core.StandardEngine    : Starting Servlet engine: [Apache Tomcat/10.1.43]
2025-08-14T10:23:12.865+05:30  INFO 17816 --- [SimplyFly] [main] o.a.c.c.C.[Tomcat].[localhost].[/]       : Initializing Spring embedded WebApplicationContext
2025-08-14T10:23:12.866+05:30  INFO 17816 --- [SimplyFly] [main] w.s.c.ServletWebServerApplicationContext : Root WebApplicationContext: initialization completed in 6523 ms
2025-08-14T10:23:13.399+05:30  INFO 17816 --- [SimplyFly] [main] o.hibernate.jpa.internal.util.LogHelper  : HHH000204: Processing PersistenceUnitInfo [name: default]
2025-08-14T10:23:13.656+05:30  INFO 17816 --- [SimplyFly] [main] org.hibernate.Version                    : HHH000412: Hibernate ORM core version 6.6.22.Final
2025-08-14T10:23:13.725+05:30  INFO 17816 --- [SimplyFly] [main] o.h.c.internal.RegionFactoryInitiator    : HHH000026: Second-level cache disabled
2025-08-14T10:23:14.585+05:30  INFO 17816 --- [SimplyFly] [main] o.s.o.j.p.SpringPersistenceUnitInfo      : No LoadTimeWeaver setup: ignoring JPA class transformer
2025-08-14T10:23:14.678+05:30  INFO 17816 --- [SimplyFly] [main] com.zaxxer.hikari.HikariDataSource       : HikariPool-1 - Starting...
2025-08-14T10:23:15.256+05:30  INFO 17816 --- [SimplyFly] [main] com.zaxxer.hikari.pool.HikariPool        : HikariPool-1 - Added connection com.mysql.cj.jdbc.ConnectionImpl@6bc25ac2
2025-08-14T10:23:15.262+05:30  INFO 17816 --- [SimplyFly] [main] com.zaxxer.hikari.HikariDataSource       : HikariPool-1 - Start completed.
2025-08-14T10:23:15.355+05:30  WARN 17816 --- [SimplyFly] [main] org.hibernate.orm.deprecation            : HHH90000025: MySQL8Dialect does not need to be specified explicitly using 'hibernate.dialect' (remove the property setting and it will be selected by default)
2025-08-14T10:23:15.358+05:30  WARN 17816 --- [SimplyFly] [main] org.hibernate.orm.deprecation            : HHH90000026: MySQL8Dialect has been deprecated; use org.hibernate.dialect.MySQLDialect instead
2025-08-14T10:23:15.527+05:30  INFO 17816 --- [SimplyFly] [main] org.hibernate.orm.connections.pooling    : HHH10001005: Database info:
	Database JDBC URL [Connecting through datasource 'HikariDataSource (HikariPool-1)']
	Database driver: undefined/unknown
	Database version: 8.0
	Autocommit mode: undefined/unknown
	Isolation level: undefined/unknown
	Minimum pool size: undefined/unknown
	Maximum pool size: undefined/unknown
2025-08-14T10:23:18.771+05:30  INFO 17816 --- [SimplyFly] [main] o.h.e.t.j.p.i.JtaPlatformInitiator       : HHH000489: No JTA platform available (set 'hibernate.transaction.jta.platform' to enable JTA platform integration)
2025-08-14T10:23:19.735+05:30  INFO 17816 --- [SimplyFly] [main] j.LocalContainerEntityManagerFactoryBean : Initialized JPA EntityManagerFactory for persistence unit 'default'
2025-08-14T10:23:22.521+05:30  INFO 17816 --- [SimplyFly] [main] eAuthenticationProviderManagerConfigurer : Global AuthenticationManager configured with AuthenticationProvider bean with name authenticationProvider
2025-08-14T10:23:22.525+05:30  WARN 17816 --- [SimplyFly] [main] r$InitializeUserDetailsManagerConfigurer : Global AuthenticationManager configured with an AuthenticationProvider bean. UserDetailsService beans will not be used by Spring Security for automatically configuring username/password login. Consider removing the AuthenticationProvider bean. Alternatively, consider using the UserDetailsService in a manually instantiated DaoAuthenticationProvider. If the current configuration is intentional, to turn off this warning, increase the logging level of 'org.springframework.security.config.annotation.authentication.configuration.InitializeUserDetailsBeanManagerConfigurer' to ERROR
2025-08-14T10:23:23.047+05:30  WARN 17816 --- [SimplyFly] [main] JpaBaseConfiguration$JpaWebConfiguration : spring.jpa.open-in-view is enabled by default. Therefore, database queries may be performed during view rendering. Explicitly configure spring.jpa.open-in-view to disable this warning
2025-08-14T10:23:23.437+05:30 DEBUG 17816 --- [SimplyFly] [main] s.w.s.m.m.a.RequestMappingHandlerMapping : 45 mappings in 'requestMappingHandlerMapping'
2025-08-14T10:23:24.300+05:30 DEBUG 17816 --- [SimplyFly] [main] o.s.w.s.handler.SimpleUrlHandlerMapping  : Patterns [/webjars/**, /**, /swagger-ui*/*swagger-initializer.js, /swagger-ui*/**] in 'resourceHandlerMapping'
2025-08-14T10:23:25.178+05:30 DEBUG 17816 --- [SimplyFly] [main] s.w.s.m.m.a.RequestMappingHandlerAdapter : ControllerAdvice beans: 0 @ModelAttribute, 0 @InitBinder, 1 RequestBodyAdvice, 1 ResponseBodyAdvice
2025-08-14T10:23:25.379+05:30 DEBUG 17816 --- [SimplyFly] [main] .m.m.a.ExceptionHandlerExceptionResolver : ControllerAdvice beans: 2 @ExceptionHandler, 1 ResponseBodyAdvice
2025-08-14T10:23:26.212+05:30  INFO 17816 --- [SimplyFly] [main] o.s.b.w.embedded.tomcat.TomcatWebServer  : Tomcat started on port 8080 (http) with context path '/'
2025-08-14T10:23:26.244+05:30  INFO 17816 --- [SimplyFly] [main] c.h.simplyfly.SimplyFlyApplication       : Started SimplyFlyApplication in 22.989 seconds (process running for 27.796)
2025-08-14T10:23:59.679+05:30  INFO 17816 --- [SimplyFly] [http-nio-8080-exec-1] o.a.c.c.C.[Tomcat].[localhost].[/]       : Initializing Spring DispatcherServlet 'dispatcherServlet'
2025-08-14T10:23:59.680+05:30  INFO 17816 --- [SimplyFly] [http-nio-8080-exec-1] o.s.web.servlet.DispatcherServlet        : Initializing Servlet 'dispatcherServlet'
2025-08-14T10:23:59.681+05:30 DEBUG 17816 --- [SimplyFly] [http-nio-8080-exec-1] o.s.web.servlet.DispatcherServlet        : Detected StandardServletMultipartResolver
2025-08-14T10:23:59.681+05:30 DEBUG 17816 --- [SimplyFly] [http-nio-8080-exec-1] o.s.web.servlet.DispatcherServlet        : Detected AcceptHeaderLocaleResolver
2025-08-14T10:23:59.681+05:30 DEBUG 17816 --- [SimplyFly] [http-nio-8080-exec-1] o.s.web.servlet.DispatcherServlet        : Detected FixedThemeResolver
2025-08-14T10:23:59.684+05:30 DEBUG 17816 --- [SimplyFly] [http-nio-8080-exec-1] o.s.web.servlet.DispatcherServlet        : Detected org.springframework.web.servlet.view.DefaultRequestToViewNameTranslator@6517bc6b
2025-08-14T10:23:59.686+05:30 DEBUG 17816 --- [SimplyFly] [http-nio-8080-exec-1] o.s.web.servlet.DispatcherServlet        : Detected org.springframework.web.servlet.support.SessionFlashMapManager@58052571
2025-08-14T10:23:59.687+05:30 DEBUG 17816 --- [SimplyFly] [http-nio-8080-exec-1] o.s.web.servlet.DispatcherServlet        : enableLoggingRequestDetails='false': request parameters and headers will be masked to prevent unsafe logging of potentially sensitive data
2025-08-14T10:23:59.687+05:30  INFO 17816 --- [SimplyFly] [http-nio-8080-exec-1] o.s.web.servlet.DispatcherServlet        : Completed initialization in 7 ms
2025-08-14T10:23:59.772+05:30 DEBUG 17816 --- [SimplyFly] [http-nio-8080-exec-1] o.s.web.servlet.DispatcherServlet        : POST "/api/auth/login", parameters={}
2025-08-14T10:23:59.777+05:30 DEBUG 17816 --- [SimplyFly] [http-nio-8080-exec-1] s.w.s.m.m.a.RequestMappingHandlerMapping : Mapped to com.hexaware.simplyfly.controller.UserRestController#login(AuthRequest)
2025-08-14T10:24:00.063+05:30 DEBUG 17816 --- [SimplyFly] [http-nio-8080-exec-1] m.m.a.RequestResponseBodyMethodProcessor : Read "application/json;charset=UTF-8" to [AuthRequest(email=kartik@example.com, password=kartik@123)]
2025-08-14T10:24:00.949+05:30 DEBUG 17816 --- [SimplyFly] [http-nio-8080-exec-1] o.s.w.s.m.m.a.HttpEntityMethodProcessor  : Using 'text/plain', given [*/*] and supported [text/plain, */*, application/json, application/*+json, application/yaml]
2025-08-14T10:24:00.951+05:30 DEBUG 17816 --- [SimplyFly] [http-nio-8080-exec-1] o.s.w.s.m.m.a.HttpEntityMethodProcessor  : Writing ["Invalid credentials"]
2025-08-14T10:24:00.966+05:30 DEBUG 17816 --- [SimplyFly] [http-nio-8080-exec-1] o.s.web.servlet.DispatcherServlet        : Completed 401 UNAUTHORIZED
2025-08-14T10:24:19.907+05:30 DEBUG 17816 --- [SimplyFly] [http-nio-8080-exec-3] o.s.web.servlet.DispatcherServlet        : POST "/api/auth/login", parameters={}
2025-08-14T10:24:19.908+05:30 DEBUG 17816 --- [SimplyFly] [http-nio-8080-exec-3] s.w.s.m.m.a.RequestMappingHandlerMapping : Mapped to com.hexaware.simplyfly.controller.UserRestController#login(AuthRequest)
2025-08-14T10:24:19.910+05:30 DEBUG 17816 --- [SimplyFly] [http-nio-8080-exec-3] m.m.a.RequestResponseBodyMethodProcessor : Read "application/json;charset=UTF-8" to [AuthRequest(email=Kartik@example.com, password=Kartik@123)]
2025-08-14T10:24:20.827+05:30 DEBUG 17816 --- [SimplyFly] [http-nio-8080-exec-3] o.s.w.s.m.m.a.HttpEntityMethodProcessor  : Using 'text/plain', given [*/*] and supported [text/plain, */*, application/json, application/*+json, application/yaml]
2025-08-14T10:24:20.828+05:30 DEBUG 17816 --- [SimplyFly] [http-nio-8080-exec-3] o.s.w.s.m.m.a.HttpEntityMethodProcessor  : Writing ["eyJhbGciOiJIUzI1NiJ9.eyJzdWIiOiJLYXJ0aWtAZXhhbXBsZS5jb20iLCJpYXQiOjE3NTUxNDcyNjAsImV4cCI6MTc1NTE0OTA (truncated)..."]
2025-08-14T10:24:20.830+05:30 DEBUG 17816 --- [SimplyFly] [http-nio-8080-exec-3] o.s.web.servlet.DispatcherServlet        : Completed 200 OK
2025-08-14T10:25:18.790+05:30 DEBUG 17816 --- [SimplyFly] [http-nio-8080-exec-5] o.s.web.servlet.DispatcherServlet        : GET "/api/users/getAll", parameters={}
2025-08-14T10:25:18.790+05:30 DEBUG 17816 --- [SimplyFly] [http-nio-8080-exec-5] s.w.s.m.m.a.RequestMappingHandlerMapping : Mapped to com.hexaware.simplyfly.controller.UserController#getAllUsers()
2025-08-14T10:25:18.840+05:30 DEBUG 17816 --- [SimplyFly] [http-nio-8080-exec-5] m.m.a.RequestResponseBodyMethodProcessor : Using 'application/json', given [*/*] and supported [application/json, application/*+json, application/yaml]
2025-08-14T10:25:18.956+05:30 DEBUG 17816 --- [SimplyFly] [http-nio-8080-exec-5] m.m.a.RequestResponseBodyMethodProcessor : Writing [java.lang.StackOverflowError]
2025-08-14T10:25:19.016+05:30  WARN 17816 --- [SimplyFly] [http-nio-8080-exec-5] .w.s.m.s.DefaultHandlerExceptionResolver : Ignoring exception, response committed already: org.springframework.http.converter.HttpMessageNotWritableException: Could not write JSON: Document nesting depth (1001) exceeds the maximum allowed (1000, from `StreamWriteConstraints.getMaxNestingDepth()`)
2025-08-14T10:25:19.017+05:30  WARN 17816 --- [SimplyFly] [http-nio-8080-exec-5] .w.s.m.s.DefaultHandlerExceptionResolver : Resolved [org.springframework.http.converter.HttpMessageNotWritableException: Could not write JSON: Document nesting depth (1001) exceeds the maximum allowed (1000, from `StreamWriteConstraints.getMaxNestingDepth()`)]
2025-08-14T10:25:19.018+05:30 DEBUG 17816 --- [SimplyFly] [http-nio-8080-exec-5] o.s.web.servlet.DispatcherServlet        : Completed 200 OK
2025-08-14T10:27:09.130+05:30  INFO 17816 --- [SimplyFly] [RMI TCP Connection(6)-127.0.0.1] inMXBeanRegistrar$SpringApplicationAdmin : Application shutdown requested.
2025-08-14T10:27:09.134+05:30  INFO 17816 --- [SimplyFly] [RMI TCP Connection(6)-127.0.0.1] o.s.b.w.e.tomcat.GracefulShutdown        : Commencing graceful shutdown. Waiting for active requests to complete
2025-08-14T10:27:09.140+05:30  INFO 17816 --- [SimplyFly] [tomcat-shutdown] o.s.b.w.e.tomcat.GracefulShutdown        : Graceful shutdown complete
2025-08-14T10:27:09.152+05:30  INFO 17816 --- [SimplyFly] [RMI TCP Connection(6)-127.0.0.1] j.LocalContainerEntityManagerFactoryBean : Closing JPA EntityManagerFactory for persistence unit 'default'
2025-08-14T10:27:09.155+05:30  INFO 17816 --- [SimplyFly] [RMI TCP Connection(6)-127.0.0.1] com.zaxxer.hikari.HikariDataSource       : HikariPool-1 - Shutdown initiated...
2025-08-14T10:27:09.192+05:30  INFO 17816 --- [SimplyFly] [RMI TCP Connection(6)-127.0.0.1] com.zaxxer.hikari.HikariDataSource       : HikariPool-1 - Shutdown completed.
